<?xml version="1.0" encoding="UTF-8"?>
<!-- Generated by org.testng.reporters.JUnitReportReporter -->
<testsuite hostname="MSI" failures="0" tests="1" name="serializationAddPlace_specBuilder.AddPlaceRequest_specBuilder" time="1.902" errors="0" timestamp="2025-05-31T18:11:33 IST" skipped="0">
  <testcase classname="serializationAddPlace_specBuilder.AddPlaceRequest_specBuilder" name="addPlace_ConstructedPayload_specBuilder" time="1.902"/>
  <system-out/>
</testsuite> <!-- serializationAddPlace_specBuilder.AddPlaceRequest_specBuilder -->
