<?xml version="1.0" encoding="UTF-8"?>
<!-- Generated by org.testng.reporters.JUnitReportReporter -->
<testsuite hostname="MSI" failures="0" tests="4" name="files.LibrabyAPI" time="2.440" errors="0" timestamp="2025-05-27T16:29:56 IST" skipped="0">
  <testcase classname="files.LibrabyAPI" name="deleteBook" time="0.145"/>
  <system-out/>
  <testcase classname="files.LibrabyAPI" name="addBook" time="1.996"/>
  <system-out/>
  <testcase classname="files.LibrabyAPI" name="deleteBook" time="0.120"/>
  <system-out/>
  <testcase classname="files.LibrabyAPI" name="addBook" time="0.179"/>
  <system-out/>
</testsuite> <!-- files.LibrabyAPI -->
