<?xml version="1.0" encoding="UTF-8"?>
<!-- Generated by org.testng.reporters.JUnitReportReporter -->
<testsuite hostname="MSI" failures="0" tests="4" name="files.LibrabyAPI" time="2.303" errors="0" timestamp="2025-05-27T16:20:29 IST" skipped="0">
  <testcase classname="files.LibrabyAPI" name="addBook" time="1.892"/>
  <system-out/>
  <testcase classname="files.LibrabyAPI" name="deleteBook" time="0.109"/>
  <system-out/>
  <testcase classname="files.LibrabyAPI" name="deleteBook" time="0.140"/>
  <system-out/>
  <testcase classname="files.LibrabyAPI" name="addBook" time="0.162"/>
  <system-out/>
</testsuite> <!-- files.LibrabyAPI -->
