<?xml version="1.0" encoding="UTF-8"?>
<!-- Generated by org.testng.reporters.JUnitReportReporter -->
<testsuite hostname="MSI" failures="0" tests="2" name="files.DynamicJson" time="2.090" errors="0" timestamp="2025-05-27T15:47:23 IST" skipped="0">
  <testcase classname="files.DynamicJson" name="deleteBook" time="0.130"/>
  <system-out/>
  <testcase classname="files.DynamicJson" name="addBook" time="1.960"/>
  <system-out/>
</testsuite> <!-- files.DynamicJson -->
