<?xml version="1.0" encoding="UTF-8"?>
<!-- Generated by org.testng.reporters.JUnitReportReporter -->
<testsuite hostname="MSI" failures="0" tests="1" name="serializationAddPlace.AddPlaceRequest" time="1.858" errors="0" timestamp="2025-05-31T17:46:34 IST" skipped="0">
  <testcase classname="serializationAddPlace.AddPlaceRequest" name="addPlace_ConstructedPayload" time="1.858"/>
  <system-out/>
</testsuite> <!-- serializationAddPlace.AddPlaceRequest -->
