<?xml version="1.0" encoding="UTF-8"?>
<!-- Generated by org.testng.reporters.JUnitReportReporter -->
<testsuite hostname="MSI" failures="0" tests="3" name="JiraAPI.CreateIssue" time="116.958" errors="0" timestamp="2025-05-30T19:30:19 IST" skipped="0">
  <testcase classname="JiraAPI.CreateIssue" name="getIssue" time="1.000"/>
  <system-out/>
  <testcase classname="JiraAPI.CreateIssue" name="addAttachment" time="113.053"/>
  <system-out/>
  <testcase classname="JiraAPI.CreateIssue" name="createIssue" time="2.905"/>
  <system-out/>
</testsuite> <!-- JiraAPI.CreateIssue -->
