<?xml version="1.0" encoding="UTF-8"?>
<!-- Generated by org.testng.reporters.JUnitReportReporter -->
<testsuite hostname="MSI" failures="0" tests="2" name="OAuth.AccessTokenGetCourseDetails" time="2.171" errors="0" timestamp="2025-05-30T21:58:47 IST" skipped="0">
  <testcase classname="OAuth.AccessTokenGetCourseDetails" name="getCourseDetails" time="0.130"/>
  <system-out/>
  <testcase classname="OAuth.AccessTokenGetCourseDetails" name="getAcessToken" time="2.041"/>
  <system-out/>
</testsuite> <!-- OAuth.AccessTokenGetCourseDetails -->
