<?xml version="1.0" encoding="UTF-8"?>
<!-- Generated by org.testng.reporters.JUnitReportReporter -->
<testsuite hostname="MSI" failures="0" tests="2" name="deserializationGetCourse.GetCourseDetails" time="2.387" errors="0" timestamp="2025-05-31T14:15:49 IST" skipped="0">
  <testcase classname="deserializationGetCourse.GetCourseDetails" name="getCourseDetails" time="0.344"/>
  <system-out/>
  <testcase classname="deserializationGetCourse.GetCourseDetails" name="getAcessToken" time="2.043"/>
  <system-out/>
</testsuite> <!-- deserializationGetCourse.GetCourseDetails -->
